chat-e2ee-source_4/chat-e2ee/client/build/Qt_6_11_1_for_Android_x86_64-Debug/android-build-appChatE2EE/build/intermediates/manifest_merge_blame_file/debug/processDebugMainManifest/manifest-merger-blame-debug-report.txt
1<?xml version="1.0" encoding="utf-8"?>
2<!--
3 Android manifest for the encrypted chat client.
4
5     The only thing this app needs from the device is internet access, in
6     order to reach the chat server. It asks for no contacts, no storage, no
7     camera, no location. Keeping the permission list this short is itself a
8     small privacy feature and is worth pointing out in the thesis: an app
9     that cannot read your contacts cannot leak them.
10
11     Most of the values below (package name, version, the Qt library glue) are
12     filled in automatically by androiddeployqt when the project is built; this
13     file customises the parts that matter for the application.
14-->
15<manifest xmlns:android="http://schemas.android.com/apk/res/android"
16    package="fi.tamk.chate2ee"
17    android:versionCode="1"
18    android:versionName="1.0" >
19
20    <uses-sdk
21        android:minSdkVersion="28"
22        android:targetSdkVersion="36" />
23
24    <uses-permission android:name="android.permission.INTERNET" />
24-->Qt_6_11_1_for_Android_x86_64-Debug\android-build-appChatE2EE\AndroidManifest.xml:18:5-66
24-->Qt_6_11_1_for_Android_x86_64-Debug\android-build-appChatE2EE\AndroidManifest.xml:18:22-64
25
26    <permission
26-->[androidx.core:core:1.17.0] AndroidManifest.xml:22:5-24:47
27        android:name="fi.tamk.chate2ee.DYNAMIC_RECEIVER_NOT_EXPORTED_PERMISSION"
27-->[androidx.core:core:1.17.0] AndroidManifest.xml:23:9-81
28        android:protectionLevel="signature" />
28-->[androidx.core:core:1.17.0] AndroidManifest.xml:24:9-44
29
30    <uses-permission android:name="fi.tamk.chate2ee.DYNAMIC_RECEIVER_NOT_EXPORTED_PERMISSION" />
30-->[androidx.core:core:1.17.0] AndroidManifest.xml:26:5-97
30-->[androidx.core:core:1.17.0] AndroidManifest.xml:26:22-94
31
32    <application
32-->Qt_6_11_1_for_Android_x86_64-Debug\android-build-appChatE2EE\AndroidManifest.xml:20:5-40:19
33        android:name="org.qtproject.qt.android.bindings.QtApplication"
33-->Qt_6_11_1_for_Android_x86_64-Debug\android-build-appChatE2EE\AndroidManifest.xml:21:9-71
34        android:allowBackup="false"
34-->Qt_6_11_1_for_Android_x86_64-Debug\android-build-appChatE2EE\AndroidManifest.xml:23:9-36
35        android:appComponentFactory="androidx.core.app.CoreComponentFactory"
35-->[androidx.core:core:1.17.0] AndroidManifest.xml:28:18-86
36        android:debuggable="true"
37        android:extractNativeLibs="true"
38        android:label="Encrypted Chat" >
38-->Qt_6_11_1_for_Android_x86_64-Debug\android-build-appChatE2EE\AndroidManifest.xml:22:9-39
39        <activity
39-->Qt_6_11_1_for_Android_x86_64-Debug\android-build-appChatE2EE\AndroidManifest.xml:25:9-39:20
40            android:name="org.qtproject.qt.android.bindings.QtActivity"
40-->Qt_6_11_1_for_Android_x86_64-Debug\android-build-appChatE2EE\AndroidManifest.xml:26:13-72
41            android:configChanges="orientation|uiMode|screenLayout|screenSize|smallestScreenSize|layoutDirection|locale|fontScale|keyboard|keyboardHidden|navigation|mcc|mnc|density"
41-->Qt_6_11_1_for_Android_x86_64-Debug\android-build-appChatE2EE\AndroidManifest.xml:28:13-182
42            android:exported="true"
42-->Qt_6_11_1_for_Android_x86_64-Debug\android-build-appChatE2EE\AndroidManifest.xml:29:13-36
43            android:label="Encrypted Chat" >
43-->Qt_6_11_1_for_Android_x86_64-Debug\android-build-appChatE2EE\AndroidManifest.xml:27:13-43
44            <intent-filter>
44-->Qt_6_11_1_for_Android_x86_64-Debug\android-build-appChatE2EE\AndroidManifest.xml:31:13-34:29
45                <action android:name="android.intent.action.MAIN" />
45-->Qt_6_11_1_for_Android_x86_64-Debug\android-build-appChatE2EE\AndroidManifest.xml:32:17-68
45-->Qt_6_11_1_for_Android_x86_64-Debug\android-build-appChatE2EE\AndroidManifest.xml:32:25-66
46
47                <category android:name="android.intent.category.LAUNCHER" />
47-->Qt_6_11_1_for_Android_x86_64-Debug\android-build-appChatE2EE\AndroidManifest.xml:33:17-76
47-->Qt_6_11_1_for_Android_x86_64-Debug\android-build-appChatE2EE\AndroidManifest.xml:33:27-74
48            </intent-filter>
49
50            <meta-data
50-->Qt_6_11_1_for_Android_x86_64-Debug\android-build-appChatE2EE\AndroidManifest.xml:36:13-38:46
51                android:name="android.app.lib_name"
51-->Qt_6_11_1_for_Android_x86_64-Debug\android-build-appChatE2EE\AndroidManifest.xml:37:17-52
52                android:value="appChatE2EE" />
52-->Qt_6_11_1_for_Android_x86_64-Debug\android-build-appChatE2EE\AndroidManifest.xml:38:17-44
53        </activity>
54
55        <provider
55-->[androidx.profileinstaller:profileinstaller:1.3.0] AndroidManifest.xml:24:9-32:20
56            android:name="androidx.startup.InitializationProvider"
56-->[androidx.profileinstaller:profileinstaller:1.3.0] AndroidManifest.xml:25:13-67
57            android:authorities="fi.tamk.chate2ee.androidx-startup"
57-->[androidx.profileinstaller:profileinstaller:1.3.0] AndroidManifest.xml:26:13-68
58            android:exported="false" >
58-->[androidx.profileinstaller:profileinstaller:1.3.0] AndroidManifest.xml:27:13-37
59            <meta-data
59-->[androidx.profileinstaller:profileinstaller:1.3.0] AndroidManifest.xml:29:13-31:52
60                android:name="androidx.profileinstaller.ProfileInstallerInitializer"
60-->[androidx.profileinstaller:profileinstaller:1.3.0] AndroidManifest.xml:30:17-85
61                android:value="androidx.startup" />
61-->[androidx.profileinstaller:profileinstaller:1.3.0] AndroidManifest.xml:31:17-49
62        </provider>
63
64        <receiver
64-->[androidx.profileinstaller:profileinstaller:1.3.0] AndroidManifest.xml:34:9-52:20
65            android:name="androidx.profileinstaller.ProfileInstallReceiver"
65-->[androidx.profileinstaller:profileinstaller:1.3.0] AndroidManifest.xml:35:13-76
66            android:directBootAware="false"
66-->[androidx.profileinstaller:profileinstaller:1.3.0] AndroidManifest.xml:36:13-44
67            android:enabled="true"
67-->[androidx.profileinstaller:profileinstaller:1.3.0] AndroidManifest.xml:37:13-35
68            android:exported="true"
68-->[androidx.profileinstaller:profileinstaller:1.3.0] AndroidManifest.xml:38:13-36
69            android:permission="android.permission.DUMP" >
69-->[androidx.profileinstaller:profileinstaller:1.3.0] AndroidManifest.xml:39:13-57
70            <intent-filter>
70-->[androidx.profileinstaller:profileinstaller:1.3.0] AndroidManifest.xml:40:13-42:29
71                <action android:name="androidx.profileinstaller.action.INSTALL_PROFILE" />
71-->[androidx.profileinstaller:profileinstaller:1.3.0] AndroidManifest.xml:41:17-91
71-->[androidx.profileinstaller:profileinstaller:1.3.0] AndroidManifest.xml:41:25-88
72            </intent-filter>
73            <intent-filter>
73-->[androidx.profileinstaller:profileinstaller:1.3.0] AndroidManifest.xml:43:13-45:29
74                <action android:name="androidx.profileinstaller.action.SKIP_FILE" />
74-->[androidx.profileinstaller:profileinstaller:1.3.0] AndroidManifest.xml:44:17-85
74-->[androidx.profileinstaller:profileinstaller:1.3.0] AndroidManifest.xml:44:25-82
75            </intent-filter>
76            <intent-filter>
76-->[androidx.profileinstaller:profileinstaller:1.3.0] AndroidManifest.xml:46:13-48:29
77                <action android:name="androidx.profileinstaller.action.SAVE_PROFILE" />
77-->[androidx.profileinstaller:profileinstaller:1.3.0] AndroidManifest.xml:47:17-88
77-->[androidx.profileinstaller:profileinstaller:1.3.0] AndroidManifest.xml:47:25-85
78            </intent-filter>
79            <intent-filter>
79-->[androidx.profileinstaller:profileinstaller:1.3.0] AndroidManifest.xml:49:13-51:29
80                <action android:name="androidx.profileinstaller.action.BENCHMARK_OPERATION" />
80-->[androidx.profileinstaller:profileinstaller:1.3.0] AndroidManifest.xml:50:17-95
80-->[androidx.profileinstaller:profileinstaller:1.3.0] AndroidManifest.xml:50:25-92
81            </intent-filter>
82        </receiver>
83    </application>
84
85</manifest>